<?xml version="1.0" encoding="UTF-8"?>
<!-- Generated by org.testng.reporters.JUnitReportReporter -->
<testsuite hostname="DESKTOP-31B80VT" failures="0" tests="3" name="test.Annotationexample" time="0.016" errors="0" timestamp="2022-03-05T12:33:05 IST" skipped="0">
  <testcase classname="test.Annotationexample" name="test5" time="0.010"/>
  <system-out/>
  <testcase classname="test.Annotationexample" name="test1" time="0.003"/>
  <system-out/>
  <testcase classname="test.Annotationexample" name="test2" time="0.003"/>
  <system-out/>
</testsuite> <!-- test.Annotationexample -->
