<?xml version="1.0" encoding="UTF-8"?>
<!-- Generated by org.testng.reporters.JUnitReportReporter -->
<testsuite hostname="DESKTOP-31B80VT" failures="0" tests="2" name="test.HomePageTest" time="0.015" errors="0" timestamp="2022-03-05T12:38:09 IST" skipped="0">
  <testcase classname="test.HomePageTest" name="test3" time="0.002"/>
  <system-out/>
  <testcase classname="test.HomePageTest" name="test6" time="0.013"/>
  <system-out/>
</testsuite> <!-- test.HomePageTest -->
